2026-01-30 07:29:09 INFO  [ldk_node::builder:1160] Successfully migrated OutputSweeper data.
2026-01-30 07:29:09 INFO  [ldk_node:232] Starting up LDK Node with node ID 03841ced533ed645c013f987cfe91fdac32f79c70bbc236623d3032b4f50da1702 on network: testnet
2026-01-30 07:29:11 INFO  [ldk_node::chain:822] Fee rate cache update finished in 2192ms.
2026-01-30 07:29:11 INFO  [ldk_node:634] Startup complete.
2026-01-30 07:29:11 INFO  [ldk_node::payment::onchain:43] Generated new funding address: tb1q7xh644e46zksy3nwhprsg7qnkqjjvde3t94qdx
2026-01-30 07:29:12 DEBUG [lightning::chain::chainmonitor:718] New best block 0000000000000011cf3db6e90efa40c85af1f4a05e4bfaf7334dad0dfd2e5451 at height 4838347 provided via best_block_updated
2026-01-30 07:29:13 DEBUG [lightning_transaction_sync::esplora:239] Finished transaction sync at tip 0000000000000011cf3db6e90efa40c85af1f4a05e4bfaf7334dad0dfd2e5451 in 1780ms: 0 confirmed, 0 unconfirmed.
2026-01-30 07:29:13 INFO  [ldk_node::chain:561] Sync of Lightning wallet finished in 1780ms.
2026-01-30 07:29:15 INFO  [ldk_node::chain:489] Incremental sync of on-chain wallet finished in 1634ms.
2026-01-30 07:29:42 DEBUG [lightning_transaction_sync::esplora:239] Finished transaction sync at tip 0000000000000011cf3db6e90efa40c85af1f4a05e4bfaf7334dad0dfd2e5451 in 450ms: 0 confirmed, 0 unconfirmed.
2026-01-30 07:29:42 INFO  [ldk_node::chain:561] Sync of Lightning wallet finished in 450ms.
2026-01-30 07:30:13 DEBUG [lightning::chain::chainmonitor:718] New best block 000000000000016c05ab6c033e48637ccef7605ceafb91bd1f14e0476d68839d at height 4838348 provided via best_block_updated
2026-01-30 07:30:13 DEBUG [lightning_transaction_sync::esplora:193] Encountered inconsistency during transaction sync, restarting.
2026-01-30 07:30:14 DEBUG [lightning::chain::chainmonitor:718] New best block 00000000000000dc257a812e7bbad55107687155c7f87a265cc2821313d24205 at height 4838349 provided via best_block_updated
2026-01-30 07:30:15 DEBUG [lightning_transaction_sync::esplora:239] Finished transaction sync at tip 00000000000000dc257a812e7bbad55107687155c7f87a265cc2821313d24205 in 3627ms: 0 confirmed, 0 unconfirmed.
2026-01-30 07:30:15 INFO  [ldk_node::chain:561] Sync of Lightning wallet finished in 3627ms.
2026-01-30 07:30:32 INFO  [ldk_node::chain:489] Incremental sync of on-chain wallet finished in 1154ms.
2026-01-30 07:30:41 DEBUG [lightning_transaction_sync::esplora:239] Finished transaction sync at tip 00000000000000dc257a812e7bbad55107687155c7f87a265cc2821313d24205 in 336ms: 0 confirmed, 0 unconfirmed.
2026-01-30 07:30:41 INFO  [ldk_node::chain:561] Sync of Lightning wallet finished in 337ms.
2026-01-30 07:30:43 INFO  [ldk_node::payment::bolt11:507] Invoice created: lntb10p1p5hch3rdqv2pshjmt9de6qnp4qwzpem2n8mtytsqnlxrul6glmtpj77w8pw7zxe3r6vpjkn6smgtsypp5l5jed8hy8pfupy69aykkkqgrlkkrgfkq7htxlshj7csz42834jjqsp5k0w7ays84sq3decu7astqvc4r0kj6v0tadq3wc7t0lewu74wjwrs9qyysgqcqpcxqzuyt72un98pehfxphqk5xv8el9zxlp9ev0ruww0tcjpx0rkwrq6k5t45l5v6u4v3xmv7yzcr9d9gn8pc7njkhnqc4drkt0t3frr5h6sdjqqrtf8d5
2026-01-30 07:31:21 ERROR [ldk_node::chain:592] Sync of Lightning wallet failed: Failed to conduct transaction sync.
2026-01-30 07:31:51 ERROR [ldk_node::chain:592] Sync of Lightning wallet failed: Failed to conduct transaction sync.
2026-01-30 07:32:01 ERROR [ldk_node::chain:489] Incremental sync of on-chain wallet failed due to HTTP connection error: error sending request for url (https://blockstream.info/testnet/api/blocks): operation timed out
2026-01-30 07:32:21 ERROR [ldk_node::chain:592] Sync of Lightning wallet failed: Failed to conduct transaction sync.
2026-01-30 07:32:51 ERROR [ldk_node::chain:592] Sync of Lightning wallet failed: Failed to conduct transaction sync.
2026-01-30 07:33:21 ERROR [ldk_node::chain:592] Sync of Lightning wallet failed: Failed to conduct transaction sync.
2026-01-30 07:33:31 ERROR [ldk_node::chain:489] Incremental sync of on-chain wallet failed due to HTTP connection error: error sending request for url (https://blockstream.info/testnet/api/blocks): operation timed out
2026-01-30 07:33:47 ERROR [ldk_node::chain:592] Sync of Lightning wallet failed: Failed to conduct transaction sync.
2026-01-30 07:34:12 DEBUG [lightning_transaction_sync::esplora:239] Finished transaction sync at tip 00000000000000dc257a812e7bbad55107687155c7f87a265cc2821313d24205 in 1145ms: 0 confirmed, 0 unconfirmed.
2026-01-30 07:34:12 INFO  [ldk_node::chain:561] Sync of Lightning wallet finished in 1145ms.
2026-01-30 07:34:32 INFO  [ldk_node::chain:489] Incremental sync of on-chain wallet finished in 1231ms.
2026-01-30 07:34:41 DEBUG [lightning_transaction_sync::esplora:239] Finished transaction sync at tip 00000000000000dc257a812e7bbad55107687155c7f87a265cc2821313d24205 in 328ms: 0 confirmed, 0 unconfirmed.
2026-01-30 07:34:41 INFO  [ldk_node::chain:561] Sync of Lightning wallet finished in 328ms.
2026-01-30 07:35:11 DEBUG [lightning_transaction_sync::esplora:239] Finished transaction sync at tip 00000000000000dc257a812e7bbad55107687155c7f87a265cc2821313d24205 in 310ms: 0 confirmed, 0 unconfirmed.
2026-01-30 07:35:11 INFO  [ldk_node::chain:561] Sync of Lightning wallet finished in 310ms.
2026-01-30 07:35:41 DEBUG [lightning_transaction_sync::esplora:239] Finished transaction sync at tip 00000000000000dc257a812e7bbad55107687155c7f87a265cc2821313d24205 in 323ms: 0 confirmed, 0 unconfirmed.
2026-01-30 07:35:41 INFO  [ldk_node::chain:561] Sync of Lightning wallet finished in 323ms.
2026-01-30 07:36:01 ERROR [ldk_node::chain:489] Incremental sync of on-chain wallet failed due to HTTP connection error: error sending request for url (https://blockstream.info/testnet/api/scripthash/3fa871c90b05e31b6b593d7f1e11fb142157bc58167c84270605518281fc67bf/txs): operation timed out
2026-01-30 07:36:11 DEBUG [lightning_transaction_sync::esplora:239] Finished transaction sync at tip 00000000000000dc257a812e7bbad55107687155c7f87a265cc2821313d24205 in 336ms: 0 confirmed, 0 unconfirmed.
2026-01-30 07:36:11 INFO  [ldk_node::chain:561] Sync of Lightning wallet finished in 337ms.
2026-01-30 07:36:51 ERROR [ldk_node::chain:592] Sync of Lightning wallet failed: Failed to conduct transaction sync.
2026-01-30 07:37:12 INFO  [ldk_node::chain:489] Incremental sync of on-chain wallet finished in 1169ms.
2026-01-30 07:37:13 DEBUG [lightning_transaction_sync::esplora:239] Finished transaction sync at tip 00000000000000dc257a812e7bbad55107687155c7f87a265cc2821313d24205 in 306ms: 0 confirmed, 0 unconfirmed.
2026-01-30 07:37:13 INFO  [ldk_node::chain:561] Sync of Lightning wallet finished in 307ms.
2026-01-30 07:37:42 DEBUG [lightning_transaction_sync::esplora:239] Finished transaction sync at tip 00000000000000dc257a812e7bbad55107687155c7f87a265cc2821313d24205 in 547ms: 0 confirmed, 0 unconfirmed.
2026-01-30 07:37:42 INFO  [ldk_node::chain:561] Sync of Lightning wallet finished in 547ms.
2026-01-30 07:38:11 DEBUG [lightning_transaction_sync::esplora:239] Finished transaction sync at tip 00000000000000dc257a812e7bbad55107687155c7f87a265cc2821313d24205 in 345ms: 0 confirmed, 0 unconfirmed.
2026-01-30 07:38:11 INFO  [ldk_node::chain:561] Sync of Lightning wallet finished in 346ms.
2026-01-30 07:38:32 INFO  [ldk_node::chain:489] Incremental sync of on-chain wallet finished in 1076ms.
2026-01-30 07:38:41 DEBUG [lightning_transaction_sync::esplora:239] Finished transaction sync at tip 00000000000000dc257a812e7bbad55107687155c7f87a265cc2821313d24205 in 296ms: 0 confirmed, 0 unconfirmed.
2026-01-30 07:38:41 INFO  [ldk_node::chain:561] Sync of Lightning wallet finished in 296ms.
2026-01-30 07:39:11 INFO  [ldk_node::chain:822] Fee rate cache update finished in 350ms.
2026-01-30 07:39:13 DEBUG [lightning::chain::chainmonitor:718] New best block 0000000000000117bfb1ab3989b19fe24fbf5866cc38cfb8d9e493e4ea15e7f9 at height 4838350 provided via best_block_updated
2026-01-30 07:39:13 DEBUG [lightning_transaction_sync::esplora:239] Finished transaction sync at tip 0000000000000117bfb1ab3989b19fe24fbf5866cc38cfb8d9e493e4ea15e7f9 in 1629ms: 0 confirmed, 0 unconfirmed.
2026-01-30 07:39:13 INFO  [ldk_node::chain:561] Sync of Lightning wallet finished in 1629ms.
2026-01-30 07:39:41 DEBUG [lightning_transaction_sync::esplora:239] Finished transaction sync at tip 0000000000000117bfb1ab3989b19fe24fbf5866cc38cfb8d9e493e4ea15e7f9 in 323ms: 0 confirmed, 0 unconfirmed.
2026-01-30 07:39:41 INFO  [ldk_node::chain:561] Sync of Lightning wallet finished in 323ms.
2026-01-30 07:39:54 INFO  [ldk_node::chain:489] Incremental sync of on-chain wallet finished in 2795ms.
2026-01-30 07:40:11 DEBUG [lightning_transaction_sync::esplora:239] Finished transaction sync at tip 0000000000000117bfb1ab3989b19fe24fbf5866cc38cfb8d9e493e4ea15e7f9 in 356ms: 0 confirmed, 0 unconfirmed.
2026-01-30 07:40:11 INFO  [ldk_node::chain:561] Sync of Lightning wallet finished in 356ms.
2026-01-30 07:40:41 DEBUG [lightning_transaction_sync::esplora:239] Finished transaction sync at tip 0000000000000117bfb1ab3989b19fe24fbf5866cc38cfb8d9e493e4ea15e7f9 in 370ms: 0 confirmed, 0 unconfirmed.
2026-01-30 07:40:41 INFO  [ldk_node::chain:561] Sync of Lightning wallet finished in 370ms.
2026-01-30 07:41:12 INFO  [ldk_node::chain:489] Incremental sync of on-chain wallet finished in 1010ms.
2026-01-30 07:41:13 DEBUG [lightning_transaction_sync::esplora:239] Finished transaction sync at tip 0000000000000117bfb1ab3989b19fe24fbf5866cc38cfb8d9e493e4ea15e7f9 in 386ms: 0 confirmed, 0 unconfirmed.
2026-01-30 07:41:13 INFO  [ldk_node::chain:561] Sync of Lightning wallet finished in 387ms.
2026-01-30 07:41:41 DEBUG [lightning_transaction_sync::esplora:239] Finished transaction sync at tip 0000000000000117bfb1ab3989b19fe24fbf5866cc38cfb8d9e493e4ea15e7f9 in 283ms: 0 confirmed, 0 unconfirmed.
2026-01-30 07:41:41 INFO  [ldk_node::chain:561] Sync of Lightning wallet finished in 283ms.
2026-01-30 07:42:16 DEBUG [lightning_transaction_sync::esplora:239] Finished transaction sync at tip 0000000000000117bfb1ab3989b19fe24fbf5866cc38cfb8d9e493e4ea15e7f9 in 4605ms: 0 confirmed, 0 unconfirmed.
2026-01-30 07:42:16 INFO  [ldk_node::chain:561] Sync of Lightning wallet finished in 4605ms.
2026-01-30 07:42:32 INFO  [ldk_node::chain:489] Incremental sync of on-chain wallet finished in 1335ms.
2026-01-30 07:42:42 DEBUG [lightning_transaction_sync::esplora:239] Finished transaction sync at tip 0000000000000117bfb1ab3989b19fe24fbf5866cc38cfb8d9e493e4ea15e7f9 in 403ms: 0 confirmed, 0 unconfirmed.
2026-01-30 07:42:42 INFO  [ldk_node::chain:561] Sync of Lightning wallet finished in 403ms.
2026-01-30 07:43:12 DEBUG [lightning::chain::chainmonitor:718] New best block 00000000000001bb12f0253b2764299f6ca7fb70157ef3a4d8bd336e454bcbbd at height 4838351 provided via best_block_updated
2026-01-30 07:43:13 DEBUG [lightning_transaction_sync::esplora:239] Finished transaction sync at tip 00000000000001bb12f0253b2764299f6ca7fb70157ef3a4d8bd336e454bcbbd in 1572ms: 0 confirmed, 0 unconfirmed.
2026-01-30 07:43:13 INFO  [ldk_node::chain:561] Sync of Lightning wallet finished in 1573ms.
2026-01-30 07:43:41 DEBUG [lightning_transaction_sync::esplora:239] Finished transaction sync at tip 00000000000001bb12f0253b2764299f6ca7fb70157ef3a4d8bd336e454bcbbd in 284ms: 0 confirmed, 0 unconfirmed.
2026-01-30 07:43:41 INFO  [ldk_node::chain:561] Sync of Lightning wallet finished in 284ms.
2026-01-30 07:43:52 INFO  [ldk_node::chain:489] Incremental sync of on-chain wallet finished in 1123ms.
2026-01-30 07:44:11 DEBUG [lightning_transaction_sync::esplora:239] Finished transaction sync at tip 00000000000001bb12f0253b2764299f6ca7fb70157ef3a4d8bd336e454bcbbd in 341ms: 0 confirmed, 0 unconfirmed.
2026-01-30 07:44:11 INFO  [ldk_node::chain:561] Sync of Lightning wallet finished in 341ms.
2026-01-30 07:44:42 DEBUG [lightning_transaction_sync::esplora:239] Finished transaction sync at tip 00000000000001bb12f0253b2764299f6ca7fb70157ef3a4d8bd336e454bcbbd in 451ms: 0 confirmed, 0 unconfirmed.
2026-01-30 07:44:42 INFO  [ldk_node::chain:561] Sync of Lightning wallet finished in 451ms.
2026-01-30 07:46:09 ERROR [ldk_node::builder:769] Failed to set up wallet: data mismatch: Network { loaded: Testnet, expected: Regtest }
